
<html>
  <head>
    <title>Lab 06 - Graded Solution</title>
  </head>
  <body>
    <h1>Lab 06 - Graded Solution</h1>
    <p><b>You scored 0% = 0.0 points for this lab.</b></p>
    <ul>
      <li><b>test_check_delimiters_1</b>
      <ul>
      <li>Grade Percentage: 5</li>
      <li>Your solution failed this test case! taking 0.090 sec</Li>
<li><pre>TabError: inconsistent use of tabs and spaces in indentation (<tested-program>, line 217)</pre></li>
<li><pre>Traceback (most recent call last):
  File "/Users/lord_pretzel/.pyenv/versions/3.7.4/lib/python3.7/site-packages/grader-0.0.1-py3.7.egg/grader/execution_base.py", line 63, in call_test_function
    **pre_hook_info["extra_kwargs"]
  File "/Users/lord_pretzel/.pyenv/versions/3.7.4/lib/python3.7/site-packages/grader-0.0.1-py3.7.egg/grader/core.py", line 47, in wrapper
    raise module.caughtException
  File "/Users/lord_pretzel/.pyenv/versions/3.7.4/lib/python3.7/site-packages/grader-0.0.1-py3.7.egg/grader/program_container.py", line 38, in run
    self._exec_code()
  File "/Users/lord_pretzel/.pyenv/versions/3.7.4/lib/python3.7/site-packages/grader-0.0.1-py3.7.egg/grader/program_container.py", line 53, in _exec_code
    code = compile(source, "<tested-program>", "exec", dont_inherit=True)
  File "<tested-program>", line 217
    if ((self.tail + 1) % self.limit == self.head):
                                                  ^
TabError: inconsistent use of tabs and spaces in indentation
</pre></li>
      </ul>
      </li>
      <li><b>test_check_delimiters_2</b>
      <ul>
      <li>Grade Percentage: 5</li>
      <li>Your solution failed this test case! taking 0.097 sec</Li>
<li><pre>TabError: inconsistent use of tabs and spaces in indentation (<tested-program>, line 217)</pre></li>
<li><pre>Traceback (most recent call last):
  File "/Users/lord_pretzel/.pyenv/versions/3.7.4/lib/python3.7/site-packages/grader-0.0.1-py3.7.egg/grader/execution_base.py", line 63, in call_test_function
    **pre_hook_info["extra_kwargs"]
  File "/Users/lord_pretzel/.pyenv/versions/3.7.4/lib/python3.7/site-packages/grader-0.0.1-py3.7.egg/grader/core.py", line 47, in wrapper
    raise module.caughtException
  File "/Users/lord_pretzel/.pyenv/versions/3.7.4/lib/python3.7/site-packages/grader-0.0.1-py3.7.egg/grader/program_container.py", line 38, in run
    self._exec_code()
  File "/Users/lord_pretzel/.pyenv/versions/3.7.4/lib/python3.7/site-packages/grader-0.0.1-py3.7.egg/grader/program_container.py", line 53, in _exec_code
    code = compile(source, "<tested-program>", "exec", dont_inherit=True)
  File "<tested-program>", line 217
    if ((self.tail + 1) % self.limit == self.head):
                                                  ^
TabError: inconsistent use of tabs and spaces in indentation
</pre></li>
      </ul>
      </li>
      <li><b>test_check_delimiters_3</b>
      <ul>
      <li>Grade Percentage: 5</li>
      <li>Your solution failed this test case! taking 0.111 sec</Li>
<li><pre>TabError: inconsistent use of tabs and spaces in indentation (<tested-program>, line 217)</pre></li>
<li><pre>Traceback (most recent call last):
  File "/Users/lord_pretzel/.pyenv/versions/3.7.4/lib/python3.7/site-packages/grader-0.0.1-py3.7.egg/grader/execution_base.py", line 63, in call_test_function
    **pre_hook_info["extra_kwargs"]
  File "/Users/lord_pretzel/.pyenv/versions/3.7.4/lib/python3.7/site-packages/grader-0.0.1-py3.7.egg/grader/core.py", line 47, in wrapper
    raise module.caughtException
  File "/Users/lord_pretzel/.pyenv/versions/3.7.4/lib/python3.7/site-packages/grader-0.0.1-py3.7.egg/grader/program_container.py", line 38, in run
    self._exec_code()
  File "/Users/lord_pretzel/.pyenv/versions/3.7.4/lib/python3.7/site-packages/grader-0.0.1-py3.7.egg/grader/program_container.py", line 53, in _exec_code
    code = compile(source, "<tested-program>", "exec", dont_inherit=True)
  File "<tested-program>", line 217
    if ((self.tail + 1) % self.limit == self.head):
                                                  ^
TabError: inconsistent use of tabs and spaces in indentation
</pre></li>
      </ul>
      </li>
      <li><b>test_check_delimiters_4</b>
      <ul>
      <li>Grade Percentage: 5</li>
      <li>Your solution failed this test case! taking 0.091 sec</Li>
<li><pre>TabError: inconsistent use of tabs and spaces in indentation (<tested-program>, line 217)</pre></li>
<li><pre>Traceback (most recent call last):
  File "/Users/lord_pretzel/.pyenv/versions/3.7.4/lib/python3.7/site-packages/grader-0.0.1-py3.7.egg/grader/execution_base.py", line 63, in call_test_function
    **pre_hook_info["extra_kwargs"]
  File "/Users/lord_pretzel/.pyenv/versions/3.7.4/lib/python3.7/site-packages/grader-0.0.1-py3.7.egg/grader/core.py", line 47, in wrapper
    raise module.caughtException
  File "/Users/lord_pretzel/.pyenv/versions/3.7.4/lib/python3.7/site-packages/grader-0.0.1-py3.7.egg/grader/program_container.py", line 38, in run
    self._exec_code()
  File "/Users/lord_pretzel/.pyenv/versions/3.7.4/lib/python3.7/site-packages/grader-0.0.1-py3.7.egg/grader/program_container.py", line 53, in _exec_code
    code = compile(source, "<tested-program>", "exec", dont_inherit=True)
  File "<tested-program>", line 217
    if ((self.tail + 1) % self.limit == self.head):
                                                  ^
TabError: inconsistent use of tabs and spaces in indentation
</pre></li>
      </ul>
      </li>
      <li><b>test_check_delimiters_5</b>
      <ul>
      <li>Grade Percentage: 5</li>
      <li>Your solution failed this test case! taking 0.098 sec</Li>
<li><pre>TabError: inconsistent use of tabs and spaces in indentation (<tested-program>, line 217)</pre></li>
<li><pre>Traceback (most recent call last):
  File "/Users/lord_pretzel/.pyenv/versions/3.7.4/lib/python3.7/site-packages/grader-0.0.1-py3.7.egg/grader/execution_base.py", line 63, in call_test_function
    **pre_hook_info["extra_kwargs"]
  File "/Users/lord_pretzel/.pyenv/versions/3.7.4/lib/python3.7/site-packages/grader-0.0.1-py3.7.egg/grader/core.py", line 47, in wrapper
    raise module.caughtException
  File "/Users/lord_pretzel/.pyenv/versions/3.7.4/lib/python3.7/site-packages/grader-0.0.1-py3.7.egg/grader/program_container.py", line 38, in run
    self._exec_code()
  File "/Users/lord_pretzel/.pyenv/versions/3.7.4/lib/python3.7/site-packages/grader-0.0.1-py3.7.egg/grader/program_container.py", line 53, in _exec_code
    code = compile(source, "<tested-program>", "exec", dont_inherit=True)
  File "<tested-program>", line 217
    if ((self.tail + 1) % self.limit == self.head):
                                                  ^
TabError: inconsistent use of tabs and spaces in indentation
</pre></li>
      </ul>
      </li>
      <li><b>test_check_delimiters_6</b>
      <ul>
      <li>Grade Percentage: 5</li>
      <li>Your solution failed this test case! taking 0.093 sec</Li>
<li><pre>TabError: inconsistent use of tabs and spaces in indentation (<tested-program>, line 217)</pre></li>
<li><pre>Traceback (most recent call last):
  File "/Users/lord_pretzel/.pyenv/versions/3.7.4/lib/python3.7/site-packages/grader-0.0.1-py3.7.egg/grader/execution_base.py", line 63, in call_test_function
    **pre_hook_info["extra_kwargs"]
  File "/Users/lord_pretzel/.pyenv/versions/3.7.4/lib/python3.7/site-packages/grader-0.0.1-py3.7.egg/grader/core.py", line 47, in wrapper
    raise module.caughtException
  File "/Users/lord_pretzel/.pyenv/versions/3.7.4/lib/python3.7/site-packages/grader-0.0.1-py3.7.egg/grader/program_container.py", line 38, in run
    self._exec_code()
  File "/Users/lord_pretzel/.pyenv/versions/3.7.4/lib/python3.7/site-packages/grader-0.0.1-py3.7.egg/grader/program_container.py", line 53, in _exec_code
    code = compile(source, "<tested-program>", "exec", dont_inherit=True)
  File "<tested-program>", line 217
    if ((self.tail + 1) % self.limit == self.head):
                                                  ^
TabError: inconsistent use of tabs and spaces in indentation
</pre></li>
      </ul>
      </li>
      <li><b>test_infix_to_postfix_1</b>
      <ul>
      <li>Grade Percentage: 10</li>
      <li>Your solution failed this test case! taking 0.096 sec</Li>
<li><pre>TabError: inconsistent use of tabs and spaces in indentation (<tested-program>, line 217)</pre></li>
<li><pre>Traceback (most recent call last):
  File "/Users/lord_pretzel/.pyenv/versions/3.7.4/lib/python3.7/site-packages/grader-0.0.1-py3.7.egg/grader/execution_base.py", line 63, in call_test_function
    **pre_hook_info["extra_kwargs"]
  File "/Users/lord_pretzel/.pyenv/versions/3.7.4/lib/python3.7/site-packages/grader-0.0.1-py3.7.egg/grader/core.py", line 47, in wrapper
    raise module.caughtException
  File "/Users/lord_pretzel/.pyenv/versions/3.7.4/lib/python3.7/site-packages/grader-0.0.1-py3.7.egg/grader/program_container.py", line 38, in run
    self._exec_code()
  File "/Users/lord_pretzel/.pyenv/versions/3.7.4/lib/python3.7/site-packages/grader-0.0.1-py3.7.egg/grader/program_container.py", line 53, in _exec_code
    code = compile(source, "<tested-program>", "exec", dont_inherit=True)
  File "<tested-program>", line 217
    if ((self.tail + 1) % self.limit == self.head):
                                                  ^
TabError: inconsistent use of tabs and spaces in indentation
</pre></li>
      </ul>
      </li>
      <li><b>test_infix_to_postfix_2</b>
      <ul>
      <li>Grade Percentage: 10</li>
      <li>Your solution failed this test case! taking 0.088 sec</Li>
<li><pre>TabError: inconsistent use of tabs and spaces in indentation (<tested-program>, line 217)</pre></li>
<li><pre>Traceback (most recent call last):
  File "/Users/lord_pretzel/.pyenv/versions/3.7.4/lib/python3.7/site-packages/grader-0.0.1-py3.7.egg/grader/execution_base.py", line 63, in call_test_function
    **pre_hook_info["extra_kwargs"]
  File "/Users/lord_pretzel/.pyenv/versions/3.7.4/lib/python3.7/site-packages/grader-0.0.1-py3.7.egg/grader/core.py", line 47, in wrapper
    raise module.caughtException
  File "/Users/lord_pretzel/.pyenv/versions/3.7.4/lib/python3.7/site-packages/grader-0.0.1-py3.7.egg/grader/program_container.py", line 38, in run
    self._exec_code()
  File "/Users/lord_pretzel/.pyenv/versions/3.7.4/lib/python3.7/site-packages/grader-0.0.1-py3.7.egg/grader/program_container.py", line 53, in _exec_code
    code = compile(source, "<tested-program>", "exec", dont_inherit=True)
  File "<tested-program>", line 217
    if ((self.tail + 1) % self.limit == self.head):
                                                  ^
TabError: inconsistent use of tabs and spaces in indentation
</pre></li>
      </ul>
      </li>
      <li><b>test_infix_to_postfix_3</b>
      <ul>
      <li>Grade Percentage: 10</li>
      <li>Your solution failed this test case! taking 0.101 sec</Li>
<li><pre>TabError: inconsistent use of tabs and spaces in indentation (<tested-program>, line 217)</pre></li>
<li><pre>Traceback (most recent call last):
  File "/Users/lord_pretzel/.pyenv/versions/3.7.4/lib/python3.7/site-packages/grader-0.0.1-py3.7.egg/grader/execution_base.py", line 63, in call_test_function
    **pre_hook_info["extra_kwargs"]
  File "/Users/lord_pretzel/.pyenv/versions/3.7.4/lib/python3.7/site-packages/grader-0.0.1-py3.7.egg/grader/core.py", line 47, in wrapper
    raise module.caughtException
  File "/Users/lord_pretzel/.pyenv/versions/3.7.4/lib/python3.7/site-packages/grader-0.0.1-py3.7.egg/grader/program_container.py", line 38, in run
    self._exec_code()
  File "/Users/lord_pretzel/.pyenv/versions/3.7.4/lib/python3.7/site-packages/grader-0.0.1-py3.7.egg/grader/program_container.py", line 53, in _exec_code
    code = compile(source, "<tested-program>", "exec", dont_inherit=True)
  File "<tested-program>", line 217
    if ((self.tail + 1) % self.limit == self.head):
                                                  ^
TabError: inconsistent use of tabs and spaces in indentation
</pre></li>
      </ul>
      </li>
      <li><b>test_queue_implementation_1</b>
      <ul>
      <li>Grade Percentage: 13</li>
      <li>Your solution failed this test case! taking 0.088 sec</Li>
<li><pre>TabError: inconsistent use of tabs and spaces in indentation (<tested-program>, line 217)</pre></li>
<li><pre>Traceback (most recent call last):
  File "/Users/lord_pretzel/.pyenv/versions/3.7.4/lib/python3.7/site-packages/grader-0.0.1-py3.7.egg/grader/execution_base.py", line 63, in call_test_function
    **pre_hook_info["extra_kwargs"]
  File "/Users/lord_pretzel/.pyenv/versions/3.7.4/lib/python3.7/site-packages/grader-0.0.1-py3.7.egg/grader/core.py", line 47, in wrapper
    raise module.caughtException
  File "/Users/lord_pretzel/.pyenv/versions/3.7.4/lib/python3.7/site-packages/grader-0.0.1-py3.7.egg/grader/program_container.py", line 38, in run
    self._exec_code()
  File "/Users/lord_pretzel/.pyenv/versions/3.7.4/lib/python3.7/site-packages/grader-0.0.1-py3.7.egg/grader/program_container.py", line 53, in _exec_code
    code = compile(source, "<tested-program>", "exec", dont_inherit=True)
  File "<tested-program>", line 217
    if ((self.tail + 1) % self.limit == self.head):
                                                  ^
TabError: inconsistent use of tabs and spaces in indentation
</pre></li>
      </ul>
      </li>
      <li><b>test_queue_implementation_2</b>
      <ul>
      <li>Grade Percentage: 13</li>
      <li>Your solution failed this test case! taking 0.094 sec</Li>
<li><pre>TabError: inconsistent use of tabs and spaces in indentation (<tested-program>, line 217)</pre></li>
<li><pre>Traceback (most recent call last):
  File "/Users/lord_pretzel/.pyenv/versions/3.7.4/lib/python3.7/site-packages/grader-0.0.1-py3.7.egg/grader/execution_base.py", line 63, in call_test_function
    **pre_hook_info["extra_kwargs"]
  File "/Users/lord_pretzel/.pyenv/versions/3.7.4/lib/python3.7/site-packages/grader-0.0.1-py3.7.egg/grader/core.py", line 47, in wrapper
    raise module.caughtException
  File "/Users/lord_pretzel/.pyenv/versions/3.7.4/lib/python3.7/site-packages/grader-0.0.1-py3.7.egg/grader/program_container.py", line 38, in run
    self._exec_code()
  File "/Users/lord_pretzel/.pyenv/versions/3.7.4/lib/python3.7/site-packages/grader-0.0.1-py3.7.egg/grader/program_container.py", line 53, in _exec_code
    code = compile(source, "<tested-program>", "exec", dont_inherit=True)
  File "<tested-program>", line 217
    if ((self.tail + 1) % self.limit == self.head):
                                                  ^
TabError: inconsistent use of tabs and spaces in indentation
</pre></li>
      </ul>
      </li>
      <li><b>test_queue_implementation_3</b>
      <ul>
      <li>Grade Percentage: 14</li>
      <li>Your solution failed this test case! taking 0.092 sec</Li>
<li><pre>TabError: inconsistent use of tabs and spaces in indentation (<tested-program>, line 217)</pre></li>
<li><pre>Traceback (most recent call last):
  File "/Users/lord_pretzel/.pyenv/versions/3.7.4/lib/python3.7/site-packages/grader-0.0.1-py3.7.egg/grader/execution_base.py", line 63, in call_test_function
    **pre_hook_info["extra_kwargs"]
  File "/Users/lord_pretzel/.pyenv/versions/3.7.4/lib/python3.7/site-packages/grader-0.0.1-py3.7.egg/grader/core.py", line 47, in wrapper
    raise module.caughtException
  File "/Users/lord_pretzel/.pyenv/versions/3.7.4/lib/python3.7/site-packages/grader-0.0.1-py3.7.egg/grader/program_container.py", line 38, in run
    self._exec_code()
  File "/Users/lord_pretzel/.pyenv/versions/3.7.4/lib/python3.7/site-packages/grader-0.0.1-py3.7.egg/grader/program_container.py", line 53, in _exec_code
    code = compile(source, "<tested-program>", "exec", dont_inherit=True)
  File "<tested-program>", line 217
    if ((self.tail + 1) % self.limit == self.head):
                                                  ^
TabError: inconsistent use of tabs and spaces in indentation
</pre></li>
      </ul>
      </li>
    </ul>
  </body>
</html>
