
<html>
  <head>
    <title>Lab 04 - Graded Solution</title>
  </head>
  <body>
    <h1>Lab 04 - Graded Solution</h1>
    <p><b>You scored 25% = 0.5 points for this lab.</b></p>
    <ul>
      <li><b>Testing subscript-based acess</b>
      <ul>
      <li>Grade Percentage: 15</li>
      <li>Your solution succeeded taking 0.143 sec</Li>
      </ul>
      </li>
      <li><b>test stringification</b>
      <ul>
      <li>Grade Percentage: 10</li>
      <li>Your solution succeeded taking 0.161 sec</Li>
      </ul>
      </li>
      <li><b>testing single-element manipulation</b>
      <ul>
      <li>Grade Percentage: 15</li>
      <li>Your solution failed this test case! taking 0.141 sec</Li>
<li><pre>AttributeError: Method "append" not supported on constrained list!</pre></li>
<li><pre>Traceback (most recent call last):
  File "/Users/lord_pretzel/.pyenv/versions/3.7.4/lib/python3.7/site-packages/grader-0.0.1-py3.7.egg/grader/execution_base.py", line 63, in call_test_function
    **pre_hook_info["extra_kwargs"]
  File "/Users/lord_pretzel/.pyenv/versions/3.7.4/lib/python3.7/site-packages/grader-0.0.1-py3.7.egg/grader/core.py", line 48, in wrapper
    result = test_function(module, *args, **kwargs)
  File "/var/folders/f7/xnz8v_b13td37s3k4w8t5j2h0000gn/T/tmpzqzdebvm/lab04-test.py", line 89, in test3_3
    lst.append(to_add)
  File "<tested-program>", line 138, in append
  File "<tested-program>", line 38, in __getattribute__
AttributeError: Method "append" not supported on constrained list!
</pre></li>
      </ul>
      </li>
      <li><b>testing predicates</b>
      <ul>
      <li>Grade Percentage: 15</li>
      <li>Your solution failed this test case! taking 0.145 sec</Li>
<li><pre>TypeError: iter() returned non-iterator of type 'NoneType'</pre></li>
<li><pre>Traceback (most recent call last):
  File "/Users/lord_pretzel/.pyenv/versions/3.7.4/lib/python3.7/site-packages/grader-0.0.1-py3.7.egg/grader/execution_base.py", line 63, in call_test_function
    **pre_hook_info["extra_kwargs"]
  File "/Users/lord_pretzel/.pyenv/versions/3.7.4/lib/python3.7/site-packages/grader-0.0.1-py3.7.egg/grader/core.py", line 48, in wrapper
    result = test_function(module, *args, **kwargs)
  File "/var/folders/f7/xnz8v_b13td37s3k4w8t5j2h0000gn/T/tmperb6sc8f/lab04-test.py", line 139, in test1_4
    assertFalse(1 in lst)
  File "<tested-program>", line 179, in __contains__
TypeError: iter() returned non-iterator of type 'NoneType'
</pre></li>
      </ul>
      </li>
      <li><b>testing queries</b>
      <ul>
      <li>Grade Percentage: 15</li>
      <li>Your solution failed this test case! taking 0.144 sec</Li>
<li><pre>TypeError: iter() returned non-iterator of type 'NoneType'</pre></li>
<li><pre>Traceback (most recent call last):
  File "/Users/lord_pretzel/.pyenv/versions/3.7.4/lib/python3.7/site-packages/grader-0.0.1-py3.7.egg/grader/execution_base.py", line 63, in call_test_function
    **pre_hook_info["extra_kwargs"]
  File "/Users/lord_pretzel/.pyenv/versions/3.7.4/lib/python3.7/site-packages/grader-0.0.1-py3.7.egg/grader/core.py", line 48, in wrapper
    result = test_function(module, *args, **kwargs)
  File "/var/folders/f7/xnz8v_b13td37s3k4w8t5j2h0000gn/T/tmpx0vmgz5c/lab04-test.py", line 156, in test1_5
    assertEquals(0, lst.count(1))
  File "<tested-program>", line 237, in count
TypeError: iter() returned non-iterator of type 'NoneType'
</pre></li>
      </ul>
      </li>
      <li><b>testing bulk operations</b>
      <ul>
      <li>Grade Percentage: 15</li>
      <li>Your solution failed this test case! taking 0.162 sec</Li>
<li><pre>TypeError: iter() returned non-iterator of type 'NoneType'</pre></li>
<li><pre>Traceback (most recent call last):
  File "/Users/lord_pretzel/.pyenv/versions/3.7.4/lib/python3.7/site-packages/grader-0.0.1-py3.7.egg/grader/execution_base.py", line 63, in call_test_function
    **pre_hook_info["extra_kwargs"]
  File "/Users/lord_pretzel/.pyenv/versions/3.7.4/lib/python3.7/site-packages/grader-0.0.1-py3.7.egg/grader/core.py", line 48, in wrapper
    result = test_function(module, *args, **kwargs)
  File "/var/folders/f7/xnz8v_b13td37s3k4w8t5j2h0000gn/T/tmpkop_m35v/lab04-test.py", line 194, in test1_6
    lst3 = lst+lst2
  File "<tested-program>", line 253, in __add__
TypeError: iter() returned non-iterator of type 'NoneType'
</pre></li>
      </ul>
      </li>
      <li><b>testing iteration</b>
      <ul>
      <li>Grade Percentage: 15</li>
      <li>Your solution failed this test case! taking 0.145 sec</Li>
<li><pre>TypeError: iter() returned non-iterator of type 'NoneType'</pre></li>
<li><pre>Traceback (most recent call last):
  File "/Users/lord_pretzel/.pyenv/versions/3.7.4/lib/python3.7/site-packages/grader-0.0.1-py3.7.egg/grader/execution_base.py", line 63, in call_test_function
    **pre_hook_info["extra_kwargs"]
  File "/Users/lord_pretzel/.pyenv/versions/3.7.4/lib/python3.7/site-packages/grader-0.0.1-py3.7.egg/grader/core.py", line 48, in wrapper
    result = test_function(module, *args, **kwargs)
  File "/var/folders/f7/xnz8v_b13td37s3k4w8t5j2h0000gn/T/tmpzqp89dlc/lab04-test.py", line 238, in test1_7
    assertEquals(data, [x for x in lst])
TypeError: iter() returned non-iterator of type 'NoneType'
</pre></li>
      </ul>
      </li>
    </ul>
  </body>
</html>
