
<html>
  <head>
    <title>Project - Graded Solution</title>
  </head>
  <body>
    <h1>Project - Graded Solution</h1>
    <p><b>You scored 0% = 0.0 points for this lab.</b></p>
    <ul>
      <li><b>test_sorting_frankenstein</b>
      <ul>
      <li>Grade Percentage: 40</li>
      <li>Your solution failed this test case! taking 8.331 sec</Li>
<li><pre>TypeError: can't concat str to bytes</pre></li>
<li><pre>Traceback (most recent call last):
  File "/Users/lord_pretzel/.pyenv/versions/3.7.4/lib/python3.7/site-packages/grader-0.0.1-py3.7.egg/grader/execution_base.py", line 63, in call_test_function
    **pre_hook_info["extra_kwargs"]
  File "/Users/lord_pretzel/.pyenv/versions/3.7.4/lib/python3.7/site-packages/grader-0.0.1-py3.7.egg/grader/core.py", line 48, in wrapper
    result = test_function(module, *args, **kwargs)
  File "/var/folders/f7/xnz8v_b13td37s3k4w8t5j2h0000gn/T/tmpibz9_5ij/project-test.py", line 25, in test_frankenstein
    test_one_book(m, "https://www.gutenberg.org/files/84/84-0.txt")
  File "/var/folders/f7/xnz8v_b13td37s3k4w8t5j2h0000gn/T/tmpibz9_5ij/project-test.py", line 17, in test_one_book
    actual = m.module.radix_a_book(bookurl)
  File "<tested-program>", line 26, in radix_a_book
TypeError: can't concat str to bytes
</pre></li>
      </ul>
      </li>
      <li><b>test_sorting_moby_dick</b>
      <ul>
      <li>Grade Percentage: 30</li>
      <li>Your solution failed this test case! taking 7.098 sec</Li>
<li><pre>TypeError: can't concat str to bytes</pre></li>
<li><pre>Traceback (most recent call last):
  File "/Users/lord_pretzel/.pyenv/versions/3.7.4/lib/python3.7/site-packages/grader-0.0.1-py3.7.egg/grader/execution_base.py", line 63, in call_test_function
    **pre_hook_info["extra_kwargs"]
  File "/Users/lord_pretzel/.pyenv/versions/3.7.4/lib/python3.7/site-packages/grader-0.0.1-py3.7.egg/grader/core.py", line 48, in wrapper
    result = test_function(module, *args, **kwargs)
  File "/var/folders/f7/xnz8v_b13td37s3k4w8t5j2h0000gn/T/tmp2vfbfz1o/project-test.py", line 32, in test_moby_dick
    test_one_book(m, "https://www.gutenberg.org/files/2701/2701-0.txt")
  File "/var/folders/f7/xnz8v_b13td37s3k4w8t5j2h0000gn/T/tmp2vfbfz1o/project-test.py", line 17, in test_one_book
    actual = m.module.radix_a_book(bookurl)
  File "<tested-program>", line 26, in radix_a_book
TypeError: can't concat str to bytes
</pre></li>
      </ul>
      </li>
      <li><b>test_die_verwandlung</b>
      <ul>
      <li>Grade Percentage: 30</li>
      <li>Your solution failed this test case! taking 11.825 sec</Li>
<li><pre>TypeError: can't concat str to bytes</pre></li>
<li><pre>Traceback (most recent call last):
  File "/Users/lord_pretzel/.pyenv/versions/3.7.4/lib/python3.7/site-packages/grader-0.0.1-py3.7.egg/grader/execution_base.py", line 63, in call_test_function
    **pre_hook_info["extra_kwargs"]
  File "/Users/lord_pretzel/.pyenv/versions/3.7.4/lib/python3.7/site-packages/grader-0.0.1-py3.7.egg/grader/core.py", line 48, in wrapper
    result = test_function(module, *args, **kwargs)
  File "/var/folders/f7/xnz8v_b13td37s3k4w8t5j2h0000gn/T/tmp38bpnjny/project-test.py", line 39, in test_
    test_one_book(m, "https://www.gutenberg.org/ebooks/22367.txt.utf-8")
  File "/var/folders/f7/xnz8v_b13td37s3k4w8t5j2h0000gn/T/tmp38bpnjny/project-test.py", line 17, in test_one_book
    actual = m.module.radix_a_book(bookurl)
  File "<tested-program>", line 26, in radix_a_book
TypeError: can't concat str to bytes
</pre></li>
      </ul>
      </li>
    </ul>
  </body>
</html>
